C:\USERS\GAME\DOCUMENTS\GITHU\LAB2PROG\DEBUG\LAB2PROG.EXE
C:\Users\GAME\Documents\GitHu\lab2prog\Debug\lab2prog.pdb
C:\Users\GAME\Documents\GitHu\lab2prog\lab2prog\Debug\cl.command.1.tlog
C:\Users\GAME\Documents\GitHu\lab2prog\lab2prog\Debug\CL.read.1.tlog
C:\Users\GAME\Documents\GitHu\lab2prog\lab2prog\Debug\CL.write.1.tlog
C:\Users\GAME\Documents\GitHu\lab2prog\lab2prog\Debug\lab2prog.exe.embed.manifest
C:\USERS\GAME\DOCUMENTS\GITHU\LAB2PROG\LAB2PROG\DEBUG\LAB2PROG.EXE.EMBED.MANIFEST.RES
C:\Users\GAME\Documents\GitHu\lab2prog\lab2prog\Debug\lab2prog.exe.intermediate.manifest
C:\USERS\GAME\DOCUMENTS\GITHU\LAB2PROG\LAB2PROG\DEBUG\LAB2PROG.OBJ
C:\USERS\GAME\DOCUMENTS\GITHU\LAB2PROG\LAB2PROG\DEBUG\LAB2PROG.PCH
C:\Users\GAME\Documents\GitHu\lab2prog\lab2prog\Debug\lab2prog.vcxprojResolveAssemblyReference.cache
C:\Users\GAME\Documents\GitHu\lab2prog\lab2prog\Debug\lab2prog.write.1.tlog
C:\Users\GAME\Documents\GitHu\lab2prog\lab2prog\Debug\lab2prog_manifest.rc
C:\Users\GAME\Documents\GitHu\lab2prog\lab2prog\Debug\link.12280.read.1.tlog
C:\Users\GAME\Documents\GitHu\lab2prog\lab2prog\Debug\link.12280.write.1.tlog
C:\Users\GAME\Documents\GitHu\lab2prog\lab2prog\Debug\link.12280-cvtres.read.1.tlog
C:\Users\GAME\Documents\GitHu\lab2prog\lab2prog\Debug\link.12280-cvtres.write.1.tlog
C:\Users\GAME\Documents\GitHu\lab2prog\lab2prog\Debug\link.12472.read.1.tlog
C:\Users\GAME\Documents\GitHu\lab2prog\lab2prog\Debug\link.12472.write.1.tlog
C:\Users\GAME\Documents\GitHu\lab2prog\lab2prog\Debug\link.12472-cvtres.read.1.tlog
C:\Users\GAME\Documents\GitHu\lab2prog\lab2prog\Debug\link.12472-cvtres.write.1.tlog
C:\Users\GAME\Documents\GitHu\lab2prog\lab2prog\Debug\link.17184.read.1.tlog
C:\Users\GAME\Documents\GitHu\lab2prog\lab2prog\Debug\link.17184.write.1.tlog
C:\Users\GAME\Documents\GitHu\lab2prog\lab2prog\Debug\link.17184-cvtres.read.1.tlog
C:\Users\GAME\Documents\GitHu\lab2prog\lab2prog\Debug\link.17184-cvtres.write.1.tlog
C:\Users\GAME\Documents\GitHu\lab2prog\lab2prog\Debug\link.18952.read.1.tlog
C:\Users\GAME\Documents\GitHu\lab2prog\lab2prog\Debug\link.18952.write.1.tlog
C:\Users\GAME\Documents\GitHu\lab2prog\lab2prog\Debug\link.18952-cvtres.read.1.tlog
C:\Users\GAME\Documents\GitHu\lab2prog\lab2prog\Debug\link.18952-cvtres.write.1.tlog
C:\Users\GAME\Documents\GitHu\lab2prog\lab2prog\Debug\link.19644.read.1.tlog
C:\Users\GAME\Documents\GitHu\lab2prog\lab2prog\Debug\link.19644.write.1.tlog
C:\Users\GAME\Documents\GitHu\lab2prog\lab2prog\Debug\link.19644-cvtres.read.1.tlog
C:\Users\GAME\Documents\GitHu\lab2prog\lab2prog\Debug\link.19644-cvtres.write.1.tlog
C:\Users\GAME\Documents\GitHu\lab2prog\lab2prog\Debug\link.20732.read.1.tlog
C:\Users\GAME\Documents\GitHu\lab2prog\lab2prog\Debug\link.20732.write.1.tlog
C:\Users\GAME\Documents\GitHu\lab2prog\lab2prog\Debug\link.20732-cvtres.read.1.tlog
C:\Users\GAME\Documents\GitHu\lab2prog\lab2prog\Debug\link.20732-cvtres.write.1.tlog
C:\Users\GAME\Documents\GitHu\lab2prog\lab2prog\Debug\link.21560.read.1.tlog
C:\Users\GAME\Documents\GitHu\lab2prog\lab2prog\Debug\link.21560.write.1.tlog
C:\Users\GAME\Documents\GitHu\lab2prog\lab2prog\Debug\link.21560-cvtres.read.1.tlog
C:\Users\GAME\Documents\GitHu\lab2prog\lab2prog\Debug\link.21560-cvtres.write.1.tlog
C:\Users\GAME\Documents\GitHu\lab2prog\lab2prog\Debug\link.22580.read.1.tlog
C:\Users\GAME\Documents\GitHu\lab2prog\lab2prog\Debug\link.22580.write.1.tlog
C:\Users\GAME\Documents\GitHu\lab2prog\lab2prog\Debug\link.22580-cvtres.read.1.tlog
C:\Users\GAME\Documents\GitHu\lab2prog\lab2prog\Debug\link.22580-cvtres.write.1.tlog
C:\Users\GAME\Documents\GitHu\lab2prog\lab2prog\Debug\link.24236.read.1.tlog
C:\Users\GAME\Documents\GitHu\lab2prog\lab2prog\Debug\link.24236.write.1.tlog
C:\Users\GAME\Documents\GitHu\lab2prog\lab2prog\Debug\link.24236-cvtres.read.1.tlog
C:\Users\GAME\Documents\GitHu\lab2prog\lab2prog\Debug\link.24236-cvtres.write.1.tlog
C:\Users\GAME\Documents\GitHu\lab2prog\lab2prog\Debug\link.30520.read.1.tlog
C:\Users\GAME\Documents\GitHu\lab2prog\lab2prog\Debug\link.30520.write.1.tlog
C:\Users\GAME\Documents\GitHu\lab2prog\lab2prog\Debug\link.30520-cvtres.read.1.tlog
C:\Users\GAME\Documents\GitHu\lab2prog\lab2prog\Debug\link.30520-cvtres.write.1.tlog
C:\Users\GAME\Documents\GitHu\lab2prog\lab2prog\Debug\link.4228.read.1.tlog
C:\Users\GAME\Documents\GitHu\lab2prog\lab2prog\Debug\link.4228.write.1.tlog
C:\Users\GAME\Documents\GitHu\lab2prog\lab2prog\Debug\link.4228-cvtres.read.1.tlog
C:\Users\GAME\Documents\GitHu\lab2prog\lab2prog\Debug\link.4228-cvtres.write.1.tlog
C:\Users\GAME\Documents\GitHu\lab2prog\lab2prog\Debug\link.6492.read.1.tlog
C:\Users\GAME\Documents\GitHu\lab2prog\lab2prog\Debug\link.6492.write.1.tlog
C:\Users\GAME\Documents\GitHu\lab2prog\lab2prog\Debug\link.6492-cvtres.read.1.tlog
C:\Users\GAME\Documents\GitHu\lab2prog\lab2prog\Debug\link.6492-cvtres.write.1.tlog
C:\Users\GAME\Documents\GitHu\lab2prog\lab2prog\Debug\link.9260.read.1.tlog
C:\Users\GAME\Documents\GitHu\lab2prog\lab2prog\Debug\link.9260.write.1.tlog
C:\Users\GAME\Documents\GitHu\lab2prog\lab2prog\Debug\link.9260-cvtres.read.1.tlog
C:\Users\GAME\Documents\GitHu\lab2prog\lab2prog\Debug\link.9260-cvtres.write.1.tlog
C:\Users\GAME\Documents\GitHu\lab2prog\lab2prog\Debug\link.command.1.tlog
C:\Users\GAME\Documents\GitHu\lab2prog\lab2prog\Debug\link.read.1.tlog
C:\Users\GAME\Documents\GitHu\lab2prog\lab2prog\Debug\link.write.1.tlog
C:\Users\GAME\Documents\GitHu\lab2prog\lab2prog\Debug\link-cvtres.read.1.tlog
C:\Users\GAME\Documents\GitHu\lab2prog\lab2prog\Debug\link-cvtres.write.1.tlog
C:\Users\GAME\Documents\GitHu\lab2prog\lab2prog\Debug\mt.command.1.tlog
C:\Users\GAME\Documents\GitHu\lab2prog\lab2prog\Debug\mt.read.1.tlog
C:\Users\GAME\Documents\GitHu\lab2prog\lab2prog\Debug\mt.write.1.tlog
C:\Users\GAME\Documents\GitHu\lab2prog\lab2prog\Debug\rc.command.1.tlog
C:\Users\GAME\Documents\GitHu\lab2prog\lab2prog\Debug\rc.read.1.tlog
C:\Users\GAME\Documents\GitHu\lab2prog\lab2prog\Debug\rc.write.1.tlog
C:\USERS\GAME\DOCUMENTS\GITHU\LAB2PROG\LAB2PROG\DEBUG\STDAFX.OBJ
C:\Users\GAME\Documents\GitHu\lab2prog\lab2prog\Debug\vc100.idb
C:\USERS\GAME\DOCUMENTS\GITHU\LAB2PROG\LAB2PROG\DEBUG\VC100.PDB
C:\USERS\Алексей\DOCUMENTS\GITHUB\LAB2PROG\DEBUG\LAB2PROG.EXE
C:\USERS\Алексей\DOCUMENTS\GITHUB\LAB2PROG\DEBUG\LAB2PROG.ILK
C:\USERS\АЛЕКСЕЙ\DOCUMENTS\GITHUB\LAB2PROG\DEBUG\LAB2PROG.PDB
C:\USERS\Алексей\DOCUMENTS\GITHUB\LAB2PROG\LAB2PROG\DEBUG\LAB2PROG.EXE.EMBED.MANIFEST
C:\USERS\Алексей\DOCUMENTS\GITHUB\LAB2PROG\LAB2PROG\DEBUG\LAB2PROG.EXE.EMBED.MANIFEST.RES
C:\USERS\Алексей\DOCUMENTS\GITHUB\LAB2PROG\LAB2PROG\DEBUG\LAB2PROG.EXE.INTERMEDIATE.MANIFEST
C:\USERS\Алексей\DOCUMENTS\GITHUB\LAB2PROG\LAB2PROG\DEBUG\LAB2PROG.OBJ
C:\USERS\Алексей\DOCUMENTS\GITHUB\LAB2PROG\LAB2PROG\DEBUG\LAB2PROG.PCH
C:\USERS\Алексей\DOCUMENTS\GITHUB\LAB2PROG\LAB2PROG\DEBUG\STDAFX.OBJ
C:\USERS\АЛЕКСЕЙ\DOCUMENTS\GITHUB\LAB2PROG\LAB2PROG\DEBUG\VC100.PDB
